2023-03-23T11:40:21.072+05:30  INFO 15240 --- [main] com.car.CardetailsApplication            : Starting CardetailsApplication using Java 17.0.6 with PID 15240 (D:\Mounika\cardetails\target\classes started by Nexwaveinc in D:\Mounika\cardetails)
2023-03-23T11:40:21.074+05:30  INFO 15240 --- [main] com.car.CardetailsApplication            : No active profile set, falling back to 1 default profile: "default"
2023-03-23T11:40:21.444+05:30  INFO 15240 --- [main] .s.d.r.c.RepositoryConfigurationDelegate : Bootstrapping Spring Data MongoDB repositories in DEFAULT mode.
2023-03-23T11:40:21.479+05:30  INFO 15240 --- [main] .s.d.r.c.RepositoryConfigurationDelegate : Finished Spring Data repository scanning in 31 ms. Found 1 MongoDB repository interfaces.
2023-03-23T11:40:21.722+05:30  INFO 15240 --- [main] o.s.b.w.embedded.tomcat.TomcatWebServer  : Tomcat initialized with port(s): 8062 (http)
2023-03-23T11:40:21.729+05:30  INFO 15240 --- [main] o.apache.catalina.core.StandardService   : Starting service [Tomcat]
2023-03-23T11:40:21.730+05:30  INFO 15240 --- [main] o.apache.catalina.core.StandardEngine    : Starting Servlet engine: [Apache Tomcat/10.1.5]
2023-03-23T11:40:21.835+05:30  INFO 15240 --- [main] o.a.c.c.C.[Tomcat].[localhost].[/]       : Initializing Spring embedded WebApplicationContext
2023-03-23T11:40:21.836+05:30  INFO 15240 --- [main] w.s.c.ServletWebServerApplicationContext : Root WebApplicationContext: initialization completed in 706 ms
2023-03-23T11:40:22.023+05:30  INFO 15240 --- [main] org.mongodb.driver.client                : MongoClient with metadata {"driver": {"name": "mongo-java-driver|sync|spring-boot", "version": "4.8.2"}, "os": {"type": "Windows", "name": "Windows 11", "architecture": "amd64", "version": "10.0"}, "platform": "Java/Eclipse Adoptium/17.0.6+10"} created with settings MongoClientSettings{readPreference=primary, writeConcern=WriteConcern{w=majority, wTimeout=null ms, journal=null}, retryWrites=true, retryReads=true, readConcern=ReadConcern{level=null}, credential=MongoCredential{mechanism=null, userName='sudheer', source='admin', password=<hidden>, mechanismProperties=<hidden>}, streamFactoryFactory=null, commandListeners=[], codecRegistry=ProvidersCodecRegistry{codecProviders=[ValueCodecProvider{}, BsonValueCodecProvider{}, DBRefCodecProvider{}, DBObjectCodecProvider{}, DocumentCodecProvider{}, CollectionCodecProvider{}, IterableCodecProvider{}, MapCodecProvider{}, GeoJsonCodecProvider{}, GridFSFileCodecProvider{}, Jsr310CodecProvider{}, JsonObjectCodecProvider{}, BsonCodecProvider{}, EnumCodecProvider{}, com.mongodb.Jep395RecordCodecProvider@6ecc02bb]}, clusterSettings={hosts=[127.0.0.1:27017], srvHost=sudheerreact.8229ijp.mongodb.net, srvServiceName=mongodb, mode=MULTIPLE, requiredClusterType=REPLICA_SET, requiredReplicaSetName='atlas-momjd3-shard-0', serverSelector='null', clusterListeners='[]', serverSelectionTimeout='30000 ms', localThreshold='30000 ms'}, socketSettings=SocketSettings{connectTimeoutMS=10000, readTimeoutMS=0, receiveBufferSize=0, sendBufferSize=0}, heartbeatSocketSettings=SocketSettings{connectTimeoutMS=10000, readTimeoutMS=10000, receiveBufferSize=0, sendBufferSize=0}, connectionPoolSettings=ConnectionPoolSettings{maxSize=100, minSize=0, maxWaitTimeMS=120000, maxConnectionLifeTimeMS=0, maxConnectionIdleTimeMS=0, maintenanceInitialDelayMS=0, maintenanceFrequencyMS=60000, connectionPoolListeners=[], maxConnecting=2}, serverSettings=ServerSettings{heartbeatFrequencyMS=10000, minHeartbeatFrequencyMS=500, serverListeners='[]', serverMonitorListeners='[]'}, sslSettings=SslSettings{enabled=true, invalidHostNameAllowed=false, context=null}, applicationName='null', compressorList=[], uuidRepresentation=JAVA_LEGACY, serverApi=null, autoEncryptionSettings=null, contextProvider=null}
2023-03-23T11:40:22.066+05:30  INFO 15240 --- [cluster-ClusterId{value='641bed4e0a007920576759a4', description='null'}-srv-sudheerreact.8229ijp.mongodb.net] org.mongodb.driver.cluster               : Adding discovered server ac-jon87lc-shard-00-00.8229ijp.mongodb.net:27017 to client view of cluster
2023-03-23T11:40:22.083+05:30  INFO 15240 --- [cluster-ClusterId{value='641bed4e0a007920576759a4', description='null'}-srv-sudheerreact.8229ijp.mongodb.net] org.mongodb.driver.cluster               : Adding discovered server ac-jon87lc-shard-00-02.8229ijp.mongodb.net:27017 to client view of cluster
2023-03-23T11:40:22.084+05:30  INFO 15240 --- [cluster-ClusterId{value='641bed4e0a007920576759a4', description='null'}-srv-sudheerreact.8229ijp.mongodb.net] org.mongodb.driver.cluster               : Adding discovered server ac-jon87lc-shard-00-01.8229ijp.mongodb.net:27017 to client view of cluster
2023-03-23T11:40:22.503+05:30  INFO 15240 --- [cluster-ClusterId{value='641bed4e0a007920576759a4', description='null'}-ac-jon87lc-shard-00-00.8229ijp.mongodb.net:27017] org.mongodb.driver.cluster               : Monitor thread successfully connected to server with description ServerDescription{address=ac-jon87lc-shard-00-00.8229ijp.mongodb.net:27017, type=REPLICA_SET_SECONDARY, state=CONNECTED, ok=true, minWireVersion=0, maxWireVersion=13, maxDocumentSize=16777216, logicalSessionTimeoutMinutes=30, roundTripTimeNanos=216211800, setName='atlas-momjd3-shard-0', canonicalAddress=ac-jon87lc-shard-00-00.8229ijp.mongodb.net:27017, hosts=[ac-jon87lc-shard-00-00.8229ijp.mongodb.net:27017, ac-jon87lc-shard-00-01.8229ijp.mongodb.net:27017, ac-jon87lc-shard-00-02.8229ijp.mongodb.net:27017], passives=[], arbiters=[], primary='ac-jon87lc-shard-00-01.8229ijp.mongodb.net:27017', tagSet=TagSet{[Tag{name='nodeType', value='ELECTABLE'}, Tag{name='provider', value='AWS'}, Tag{name='region', value='AP_SOUTH_1'}, Tag{name='workloadType', value='OPERATIONAL'}]}, electionId=null, setVersion=4, topologyVersion=TopologyVersion{processId=64123392b0d15db37e5f182f, counter=4}, lastWriteDate=Thu Mar 23 11:40:22 IST 2023, lastUpdateTimeNanos=505412319370000}
2023-03-23T11:40:22.503+05:30  INFO 15240 --- [cluster-ClusterId{value='641bed4e0a007920576759a4', description='null'}-ac-jon87lc-shard-00-01.8229ijp.mongodb.net:27017] org.mongodb.driver.cluster               : Monitor thread successfully connected to server with description ServerDescription{address=ac-jon87lc-shard-00-01.8229ijp.mongodb.net:27017, type=REPLICA_SET_PRIMARY, state=CONNECTED, ok=true, minWireVersion=0, maxWireVersion=13, maxDocumentSize=16777216, logicalSessionTimeoutMinutes=30, roundTripTimeNanos=216211800, setName='atlas-momjd3-shard-0', canonicalAddress=ac-jon87lc-shard-00-01.8229ijp.mongodb.net:27017, hosts=[ac-jon87lc-shard-00-00.8229ijp.mongodb.net:27017, ac-jon87lc-shard-00-01.8229ijp.mongodb.net:27017, ac-jon87lc-shard-00-02.8229ijp.mongodb.net:27017], passives=[], arbiters=[], primary='ac-jon87lc-shard-00-01.8229ijp.mongodb.net:27017', tagSet=TagSet{[Tag{name='nodeType', value='ELECTABLE'}, Tag{name='provider', value='AWS'}, Tag{name='region', value='AP_SOUTH_1'}, Tag{name='workloadType', value='OPERATIONAL'}]}, electionId=7fffffff00000000000000b4, setVersion=4, topologyVersion=TopologyVersion{processId=641234cbcff8d95ca7fded5b, counter=6}, lastWriteDate=Thu Mar 23 11:40:22 IST 2023, lastUpdateTimeNanos=505412319370000}
2023-03-23T11:40:22.502+05:30  INFO 15240 --- [cluster-ClusterId{value='641bed4e0a007920576759a4', description='null'}-ac-jon87lc-shard-00-02.8229ijp.mongodb.net:27017] org.mongodb.driver.cluster               : Monitor thread successfully connected to server with description ServerDescription{address=ac-jon87lc-shard-00-02.8229ijp.mongodb.net:27017, type=REPLICA_SET_SECONDARY, state=CONNECTED, ok=true, minWireVersion=0, maxWireVersion=13, maxDocumentSize=16777216, logicalSessionTimeoutMinutes=30, roundTripTimeNanos=216928600, setName='atlas-momjd3-shard-0', canonicalAddress=ac-jon87lc-shard-00-02.8229ijp.mongodb.net:27017, hosts=[ac-jon87lc-shard-00-00.8229ijp.mongodb.net:27017, ac-jon87lc-shard-00-01.8229ijp.mongodb.net:27017, ac-jon87lc-shard-00-02.8229ijp.mongodb.net:27017], passives=[], arbiters=[], primary='ac-jon87lc-shard-00-01.8229ijp.mongodb.net:27017', tagSet=TagSet{[Tag{name='nodeType', value='ELECTABLE'}, Tag{name='provider', value='AWS'}, Tag{name='region', value='AP_SOUTH_1'}, Tag{name='workloadType', value='OPERATIONAL'}]}, electionId=null, setVersion=4, topologyVersion=TopologyVersion{processId=641235c22e18f74744bfdcf1, counter=3}, lastWriteDate=Thu Mar 23 11:40:22 IST 2023, lastUpdateTimeNanos=505412320083200}
2023-03-23T11:40:22.506+05:30  INFO 15240 --- [cluster-ClusterId{value='641bed4e0a007920576759a4', description='null'}-ac-jon87lc-shard-00-01.8229ijp.mongodb.net:27017] org.mongodb.driver.cluster               : Discovered replica set primary ac-jon87lc-shard-00-01.8229ijp.mongodb.net:27017 with max election id 7fffffff00000000000000b4 and max set version 4
2023-03-23T11:40:22.513+05:30  INFO 15240 --- [main] o.s.b.w.embedded.tomcat.TomcatWebServer  : Tomcat started on port(s): 8062 (http) with context path ''
2023-03-23T11:40:22.520+05:30  INFO 15240 --- [main] com.car.CardetailsApplication            : Started CardetailsApplication in 1.759 seconds (process running for 2.228)
2023-03-23T11:40:51.157+05:30  INFO 15240 --- [http-nio-8062-exec-1] o.a.c.c.C.[Tomcat].[localhost].[/]       : Initializing Spring DispatcherServlet 'dispatcherServlet'
2023-03-23T11:40:51.157+05:30  INFO 15240 --- [http-nio-8062-exec-1] o.s.web.servlet.DispatcherServlet        : Initializing Servlet 'dispatcherServlet'
2023-03-23T11:40:51.159+05:30  INFO 15240 --- [http-nio-8062-exec-1] o.s.web.servlet.DispatcherServlet        : Completed initialization in 1 ms
2023-03-23T11:41:11.015+05:30  INFO 15240 --- [http-nio-8062-exec-4] com.car.controller.CarController         : Accepted viewCardetails
2023-03-23T11:41:11.015+05:30  INFO 15240 --- [http-nio-8062-exec-4] com.car.service.CarServiceImpl           : Accepted getCar 
2023-03-23T11:42:58.747+05:30  WARN 15240 --- [http-nio-8062-exec-6] .w.s.m.s.DefaultHandlerExceptionResolver : Resolved [org.springframework.web.HttpRequestMethodNotSupportedException: Request method 'GET' is not supported]
2023-03-23T11:43:06.760+05:30  WARN 15240 --- [http-nio-8062-exec-7] .w.s.m.s.DefaultHandlerExceptionResolver : Resolved [org.springframework.http.converter.HttpMessageNotReadableException: JSON parse error: Unexpected character ('"' (code 34)): was expecting comma to separate Object entries]
2023-03-23T11:43:29.391+05:30  INFO 15240 --- [http-nio-8062-exec-9] com.car.controller.CarController         : Accepted inserCardetails
2023-03-23T11:43:29.391+05:30  INFO 15240 --- [http-nio-8062-exec-9] com.car.service.CarServiceImpl           : Accepted addCarDetails 
2023-03-23T11:43:29.547+05:30 ERROR 15240 --- [http-nio-8062-exec-9] com.car.controller.CarController         : 
2023-03-23T11:43:35.008+05:30  WARN 15240 --- [http-nio-8062-exec-10] .w.s.m.s.DefaultHandlerExceptionResolver : Resolved [org.springframework.web.HttpRequestMethodNotSupportedException: Request method 'GET' is not supported]
2023-03-23T11:43:56.532+05:30  INFO 15240 --- [http-nio-8062-exec-2] com.car.controller.CarController         : Accepted viewCardetails
2023-03-23T11:43:56.532+05:30  INFO 15240 --- [http-nio-8062-exec-2] com.car.service.CarServiceImpl           : Accepted getCar 
2023-03-23T11:46:31.745+05:30  INFO 15240 --- [http-nio-8062-exec-3] com.car.controller.CarController         : Accepted getCardetails
2023-03-23T11:46:31.745+05:30  INFO 15240 --- [http-nio-8062-exec-3] com.car.service.CarServiceImpl           : Accepted getCarone 
2023-03-23T11:47:42.245+05:30  INFO 15240 --- [http-nio-8062-exec-7] com.car.controller.CarController         : Accepted updateDetails
2023-03-23T11:47:42.247+05:30  INFO 15240 --- [http-nio-8062-exec-7] com.car.service.CarServiceImpl           : Accepted updateDetails 
2023-03-23T11:47:50.648+05:30  INFO 15240 --- [http-nio-8062-exec-8] com.car.controller.CarController         : Accepted getCardetails
2023-03-23T11:47:50.648+05:30  INFO 15240 --- [http-nio-8062-exec-8] com.car.service.CarServiceImpl           : Accepted getCarone 
2023-03-23T11:51:54.224+05:30  INFO 15240 --- [http-nio-8062-exec-2] com.car.controller.CarController         : Accepted updatecardetailsOne
2023-03-23T11:51:54.224+05:30  INFO 15240 --- [http-nio-8062-exec-2] com.car.service.CarServiceImpl           : Accepted updateOne 
2023-03-23T11:52:03.798+05:30  INFO 15240 --- [http-nio-8062-exec-4] com.car.controller.CarController         : Accepted getCardetails
2023-03-23T11:52:03.799+05:30  INFO 15240 --- [http-nio-8062-exec-4] com.car.service.CarServiceImpl           : Accepted getCarone 
2023-03-23T11:52:14.210+05:30  INFO 15240 --- [http-nio-8062-exec-3] com.car.controller.CarController         : Accepted getCardetails
2023-03-23T11:52:14.210+05:30  INFO 15240 --- [http-nio-8062-exec-3] com.car.service.CarServiceImpl           : Accepted getCarone 
2023-03-23T11:52:46.587+05:30  INFO 15240 --- [http-nio-8062-exec-5] com.car.controller.CarController         : Accepted updatecardetailsOne
2023-03-23T11:52:46.587+05:30  INFO 15240 --- [http-nio-8062-exec-5] com.car.service.CarServiceImpl           : Accepted updateOne 
2023-03-23T11:53:10.421+05:30  INFO 15240 --- [http-nio-8062-exec-6] com.car.controller.CarController         : Accepted updatecardetailsOne
2023-03-23T11:53:10.421+05:30  INFO 15240 --- [http-nio-8062-exec-6] com.car.service.CarServiceImpl           : Accepted updateOne 
2023-03-23T11:53:40.727+05:30  INFO 15240 --- [http-nio-8062-exec-7] com.car.controller.CarController         : Accepted getCardetails
2023-03-23T11:53:40.727+05:30  INFO 15240 --- [http-nio-8062-exec-7] com.car.service.CarServiceImpl           : Accepted getCarone 
2023-03-23T11:54:03.775+05:30  INFO 15240 --- [http-nio-8062-exec-8] com.car.controller.CarController         : Accepted inserCardetails
2023-03-23T11:54:03.776+05:30  INFO 15240 --- [http-nio-8062-exec-8] com.car.service.CarServiceImpl           : Accepted addCarDetails 
2023-03-23T11:54:03.830+05:30 ERROR 15240 --- [http-nio-8062-exec-8] com.car.controller.CarController         : 
2023-03-23T11:54:31.454+05:30  INFO 15240 --- [http-nio-8062-exec-10] com.car.controller.CarController         : Accepted viewCardetails
2023-03-23T11:54:31.454+05:30  INFO 15240 --- [http-nio-8062-exec-10] com.car.service.CarServiceImpl           : Accepted getCar 
2023-03-23T11:55:09.866+05:30  INFO 15240 --- [http-nio-8062-exec-2] com.car.controller.CarController         : Accepted updateDetails
2023-03-23T11:55:09.866+05:30  INFO 15240 --- [http-nio-8062-exec-2] com.car.service.CarServiceImpl           : Accepted updateDetails 
2023-03-23T11:55:16.734+05:30  INFO 15240 --- [http-nio-8062-exec-1] com.car.controller.CarController         : Accepted viewCardetails
2023-03-23T11:55:16.734+05:30  INFO 15240 --- [http-nio-8062-exec-1] com.car.service.CarServiceImpl           : Accepted getCar 
2023-03-23T11:55:56.766+05:30  INFO 15240 --- [http-nio-8062-exec-4] com.car.controller.CarController         : Accepted updatecardetailsOne
2023-03-23T11:55:56.767+05:30  INFO 15240 --- [http-nio-8062-exec-4] com.car.service.CarServiceImpl           : Accepted updateOne 
2023-03-23T11:56:03.322+05:30  INFO 15240 --- [http-nio-8062-exec-3] com.car.controller.CarController         : Accepted viewCardetails
2023-03-23T11:56:03.322+05:30  INFO 15240 --- [http-nio-8062-exec-3] com.car.service.CarServiceImpl           : Accepted getCar 
2023-03-23T11:58:55.865+05:30  INFO 10820 --- [main] com.car.CardetailsApplication            : Starting CardetailsApplication using Java 17.0.6 with PID 10820 (D:\Mounika\cardetails\target\classes started by Nexwaveinc in D:\Mounika\cardetails)
2023-03-23T11:58:55.866+05:30  INFO 10820 --- [main] com.car.CardetailsApplication            : No active profile set, falling back to 1 default profile: "default"
2023-03-23T11:58:56.226+05:30  INFO 10820 --- [main] .s.d.r.c.RepositoryConfigurationDelegate : Bootstrapping Spring Data MongoDB repositories in DEFAULT mode.
2023-03-23T11:58:56.260+05:30  INFO 10820 --- [main] .s.d.r.c.RepositoryConfigurationDelegate : Finished Spring Data repository scanning in 32 ms. Found 1 MongoDB repository interfaces.
2023-03-23T11:58:56.499+05:30  INFO 10820 --- [main] o.s.b.w.embedded.tomcat.TomcatWebServer  : Tomcat initialized with port(s): 8062 (http)
2023-03-23T11:58:56.506+05:30  INFO 10820 --- [main] o.apache.catalina.core.StandardService   : Starting service [Tomcat]
2023-03-23T11:58:56.506+05:30  INFO 10820 --- [main] o.apache.catalina.core.StandardEngine    : Starting Servlet engine: [Apache Tomcat/10.1.5]
2023-03-23T11:58:56.574+05:30  INFO 10820 --- [main] o.a.c.c.C.[Tomcat].[localhost].[/]       : Initializing Spring embedded WebApplicationContext
2023-03-23T11:58:56.574+05:30  INFO 10820 --- [main] w.s.c.ServletWebServerApplicationContext : Root WebApplicationContext: initialization completed in 668 ms
2023-03-23T11:58:56.722+05:30  INFO 10820 --- [main] org.mongodb.driver.client                : MongoClient with metadata {"driver": {"name": "mongo-java-driver|sync|spring-boot", "version": "4.8.2"}, "os": {"type": "Windows", "name": "Windows 11", "architecture": "amd64", "version": "10.0"}, "platform": "Java/Eclipse Adoptium/17.0.6+10"} created with settings MongoClientSettings{readPreference=primary, writeConcern=WriteConcern{w=majority, wTimeout=null ms, journal=null}, retryWrites=true, retryReads=true, readConcern=ReadConcern{level=null}, credential=MongoCredential{mechanism=null, userName='sudheer', source='admin', password=<hidden>, mechanismProperties=<hidden>}, streamFactoryFactory=null, commandListeners=[], codecRegistry=ProvidersCodecRegistry{codecProviders=[ValueCodecProvider{}, BsonValueCodecProvider{}, DBRefCodecProvider{}, DBObjectCodecProvider{}, DocumentCodecProvider{}, CollectionCodecProvider{}, IterableCodecProvider{}, MapCodecProvider{}, GeoJsonCodecProvider{}, GridFSFileCodecProvider{}, Jsr310CodecProvider{}, JsonObjectCodecProvider{}, BsonCodecProvider{}, EnumCodecProvider{}, com.mongodb.Jep395RecordCodecProvider@3b009e7b]}, clusterSettings={hosts=[127.0.0.1:27017], srvHost=sudheerreact.8229ijp.mongodb.net, srvServiceName=mongodb, mode=MULTIPLE, requiredClusterType=REPLICA_SET, requiredReplicaSetName='atlas-momjd3-shard-0', serverSelector='null', clusterListeners='[]', serverSelectionTimeout='30000 ms', localThreshold='30000 ms'}, socketSettings=SocketSettings{connectTimeoutMS=10000, readTimeoutMS=0, receiveBufferSize=0, sendBufferSize=0}, heartbeatSocketSettings=SocketSettings{connectTimeoutMS=10000, readTimeoutMS=10000, receiveBufferSize=0, sendBufferSize=0}, connectionPoolSettings=ConnectionPoolSettings{maxSize=100, minSize=0, maxWaitTimeMS=120000, maxConnectionLifeTimeMS=0, maxConnectionIdleTimeMS=0, maintenanceInitialDelayMS=0, maintenanceFrequencyMS=60000, connectionPoolListeners=[], maxConnecting=2}, serverSettings=ServerSettings{heartbeatFrequencyMS=10000, minHeartbeatFrequencyMS=500, serverListeners='[]', serverMonitorListeners='[]'}, sslSettings=SslSettings{enabled=true, invalidHostNameAllowed=false, context=null}, applicationName='null', compressorList=[], uuidRepresentation=JAVA_LEGACY, serverApi=null, autoEncryptionSettings=null, contextProvider=null}
2023-03-23T11:58:56.749+05:30  INFO 10820 --- [cluster-ClusterId{value='641bf1a82573a95f2d28cbc4', description='null'}-srv-sudheerreact.8229ijp.mongodb.net] org.mongodb.driver.cluster               : Adding discovered server ac-jon87lc-shard-00-00.8229ijp.mongodb.net:27017 to client view of cluster
2023-03-23T11:58:56.765+05:30  INFO 10820 --- [cluster-ClusterId{value='641bf1a82573a95f2d28cbc4', description='null'}-srv-sudheerreact.8229ijp.mongodb.net] org.mongodb.driver.cluster               : Adding discovered server ac-jon87lc-shard-00-02.8229ijp.mongodb.net:27017 to client view of cluster
2023-03-23T11:58:56.766+05:30  INFO 10820 --- [cluster-ClusterId{value='641bf1a82573a95f2d28cbc4', description='null'}-srv-sudheerreact.8229ijp.mongodb.net] org.mongodb.driver.cluster               : Adding discovered server ac-jon87lc-shard-00-01.8229ijp.mongodb.net:27017 to client view of cluster
2023-03-23T11:58:57.173+05:30  INFO 10820 --- [cluster-ClusterId{value='641bf1a82573a95f2d28cbc4', description='null'}-ac-jon87lc-shard-00-01.8229ijp.mongodb.net:27017] org.mongodb.driver.cluster               : Monitor thread successfully connected to server with description ServerDescription{address=ac-jon87lc-shard-00-01.8229ijp.mongodb.net:27017, type=REPLICA_SET_PRIMARY, state=CONNECTED, ok=true, minWireVersion=0, maxWireVersion=13, maxDocumentSize=16777216, logicalSessionTimeoutMinutes=30, roundTripTimeNanos=216933200, setName='atlas-momjd3-shard-0', canonicalAddress=ac-jon87lc-shard-00-01.8229ijp.mongodb.net:27017, hosts=[ac-jon87lc-shard-00-00.8229ijp.mongodb.net:27017, ac-jon87lc-shard-00-01.8229ijp.mongodb.net:27017, ac-jon87lc-shard-00-02.8229ijp.mongodb.net:27017], passives=[], arbiters=[], primary='ac-jon87lc-shard-00-01.8229ijp.mongodb.net:27017', tagSet=TagSet{[Tag{name='nodeType', value='ELECTABLE'}, Tag{name='provider', value='AWS'}, Tag{name='region', value='AP_SOUTH_1'}, Tag{name='workloadType', value='OPERATIONAL'}]}, electionId=7fffffff00000000000000b4, setVersion=4, topologyVersion=TopologyVersion{processId=641234cbcff8d95ca7fded5b, counter=6}, lastWriteDate=Thu Mar 23 11:58:57 IST 2023, lastUpdateTimeNanos=506526963080700}
2023-03-23T11:58:57.173+05:30  INFO 10820 --- [cluster-ClusterId{value='641bf1a82573a95f2d28cbc4', description='null'}-ac-jon87lc-shard-00-02.8229ijp.mongodb.net:27017] org.mongodb.driver.cluster               : Monitor thread successfully connected to server with description ServerDescription{address=ac-jon87lc-shard-00-02.8229ijp.mongodb.net:27017, type=REPLICA_SET_SECONDARY, state=CONNECTED, ok=true, minWireVersion=0, maxWireVersion=13, maxDocumentSize=16777216, logicalSessionTimeoutMinutes=30, roundTripTimeNanos=217079000, setName='atlas-momjd3-shard-0', canonicalAddress=ac-jon87lc-shard-00-02.8229ijp.mongodb.net:27017, hosts=[ac-jon87lc-shard-00-00.8229ijp.mongodb.net:27017, ac-jon87lc-shard-00-01.8229ijp.mongodb.net:27017, ac-jon87lc-shard-00-02.8229ijp.mongodb.net:27017], passives=[], arbiters=[], primary='ac-jon87lc-shard-00-01.8229ijp.mongodb.net:27017', tagSet=TagSet{[Tag{name='nodeType', value='ELECTABLE'}, Tag{name='provider', value='AWS'}, Tag{name='region', value='AP_SOUTH_1'}, Tag{name='workloadType', value='OPERATIONAL'}]}, electionId=null, setVersion=4, topologyVersion=TopologyVersion{processId=641235c22e18f74744bfdcf1, counter=3}, lastWriteDate=Thu Mar 23 11:58:57 IST 2023, lastUpdateTimeNanos=506526962949400}
2023-03-23T11:58:57.173+05:30  INFO 10820 --- [cluster-ClusterId{value='641bf1a82573a95f2d28cbc4', description='null'}-ac-jon87lc-shard-00-00.8229ijp.mongodb.net:27017] org.mongodb.driver.cluster               : Monitor thread successfully connected to server with description ServerDescription{address=ac-jon87lc-shard-00-00.8229ijp.mongodb.net:27017, type=REPLICA_SET_SECONDARY, state=CONNECTED, ok=true, minWireVersion=0, maxWireVersion=13, maxDocumentSize=16777216, logicalSessionTimeoutMinutes=30, roundTripTimeNanos=216469000, setName='atlas-momjd3-shard-0', canonicalAddress=ac-jon87lc-shard-00-00.8229ijp.mongodb.net:27017, hosts=[ac-jon87lc-shard-00-00.8229ijp.mongodb.net:27017, ac-jon87lc-shard-00-01.8229ijp.mongodb.net:27017, ac-jon87lc-shard-00-02.8229ijp.mongodb.net:27017], passives=[], arbiters=[], primary='ac-jon87lc-shard-00-01.8229ijp.mongodb.net:27017', tagSet=TagSet{[Tag{name='nodeType', value='ELECTABLE'}, Tag{name='provider', value='AWS'}, Tag{name='region', value='AP_SOUTH_1'}, Tag{name='workloadType', value='OPERATIONAL'}]}, electionId=null, setVersion=4, topologyVersion=TopologyVersion{processId=64123392b0d15db37e5f182f, counter=4}, lastWriteDate=Thu Mar 23 11:58:57 IST 2023, lastUpdateTimeNanos=506526962949400}
2023-03-23T11:58:57.176+05:30  INFO 10820 --- [cluster-ClusterId{value='641bf1a82573a95f2d28cbc4', description='null'}-ac-jon87lc-shard-00-01.8229ijp.mongodb.net:27017] org.mongodb.driver.cluster               : Discovered replica set primary ac-jon87lc-shard-00-01.8229ijp.mongodb.net:27017 with max election id 7fffffff00000000000000b4 and max set version 4
2023-03-23T11:58:57.202+05:30  WARN 10820 --- [main] ConfigServletWebServerApplicationContext : Exception encountered during context initialization - cancelling refresh attempt: org.springframework.context.ApplicationContextException: Failed to start bean 'webServerStartStop'
2023-03-23T11:58:57.266+05:30  INFO 10820 --- [main] o.apache.catalina.core.StandardService   : Stopping service [Tomcat]
2023-03-23T11:58:57.289+05:30  INFO 10820 --- [main] .s.b.a.l.ConditionEvaluationReportLogger : 

Error starting ApplicationContext. To display the condition evaluation report re-run your application with 'debug' enabled.
2023-03-23T11:58:57.302+05:30 ERROR 10820 --- [main] o.s.b.d.LoggingFailureAnalysisReporter   : 

***************************
APPLICATION FAILED TO START
***************************

Description:

Web server failed to start. Port 8062 was already in use.

Action:

Identify and stop the process that's listening on port 8062 or configure this application to listen on another port.

2023-03-23T11:59:05.374+05:30  INFO 15240 --- [RMI TCP Connection(26)-127.0.0.1] inMXBeanRegistrar$SpringApplicationAdmin : Application shutdown requested.
2023-03-23T11:59:05.383+05:30  INFO 15240 --- [RMI TCP Connection(26)-127.0.0.1] o.apache.catalina.core.StandardService   : Stopping service [Tomcat]
2023-03-23T11:59:05.385+05:30  INFO 15240 --- [RMI TCP Connection(26)-127.0.0.1] o.a.c.c.C.[Tomcat].[localhost].[/]       : Destroying Spring FrameworkServlet 'dispatcherServlet'
2023-03-23T11:59:09.209+05:30  INFO 10368 --- [main] com.car.CardetailsApplication            : Starting CardetailsApplication using Java 17.0.6 with PID 10368 (D:\Mounika\cardetails\target\classes started by Nexwaveinc in D:\Mounika\cardetails)
2023-03-23T11:59:09.211+05:30  INFO 10368 --- [main] com.car.CardetailsApplication            : No active profile set, falling back to 1 default profile: "default"
2023-03-23T11:59:09.572+05:30  INFO 10368 --- [main] .s.d.r.c.RepositoryConfigurationDelegate : Bootstrapping Spring Data MongoDB repositories in DEFAULT mode.
2023-03-23T11:59:09.609+05:30  INFO 10368 --- [main] .s.d.r.c.RepositoryConfigurationDelegate : Finished Spring Data repository scanning in 33 ms. Found 1 MongoDB repository interfaces.
2023-03-23T11:59:09.852+05:30  INFO 10368 --- [main] o.s.b.w.embedded.tomcat.TomcatWebServer  : Tomcat initialized with port(s): 8062 (http)
2023-03-23T11:59:09.858+05:30  INFO 10368 --- [main] o.apache.catalina.core.StandardService   : Starting service [Tomcat]
2023-03-23T11:59:09.859+05:30  INFO 10368 --- [main] o.apache.catalina.core.StandardEngine    : Starting Servlet engine: [Apache Tomcat/10.1.5]
2023-03-23T11:59:09.928+05:30  INFO 10368 --- [main] o.a.c.c.C.[Tomcat].[localhost].[/]       : Initializing Spring embedded WebApplicationContext
2023-03-23T11:59:09.929+05:30  INFO 10368 --- [main] w.s.c.ServletWebServerApplicationContext : Root WebApplicationContext: initialization completed in 675 ms
2023-03-23T11:59:10.060+05:30  INFO 10368 --- [main] org.mongodb.driver.client                : MongoClient with metadata {"driver": {"name": "mongo-java-driver|sync|spring-boot", "version": "4.8.2"}, "os": {"type": "Windows", "name": "Windows 11", "architecture": "amd64", "version": "10.0"}, "platform": "Java/Eclipse Adoptium/17.0.6+10"} created with settings MongoClientSettings{readPreference=primary, writeConcern=WriteConcern{w=majority, wTimeout=null ms, journal=null}, retryWrites=true, retryReads=true, readConcern=ReadConcern{level=null}, credential=MongoCredential{mechanism=null, userName='sudheer', source='admin', password=<hidden>, mechanismProperties=<hidden>}, streamFactoryFactory=null, commandListeners=[], codecRegistry=ProvidersCodecRegistry{codecProviders=[ValueCodecProvider{}, BsonValueCodecProvider{}, DBRefCodecProvider{}, DBObjectCodecProvider{}, DocumentCodecProvider{}, CollectionCodecProvider{}, IterableCodecProvider{}, MapCodecProvider{}, GeoJsonCodecProvider{}, GridFSFileCodecProvider{}, Jsr310CodecProvider{}, JsonObjectCodecProvider{}, BsonCodecProvider{}, EnumCodecProvider{}, com.mongodb.Jep395RecordCodecProvider@5c53f292]}, clusterSettings={hosts=[127.0.0.1:27017], srvHost=sudheerreact.8229ijp.mongodb.net, srvServiceName=mongodb, mode=MULTIPLE, requiredClusterType=REPLICA_SET, requiredReplicaSetName='atlas-momjd3-shard-0', serverSelector='null', clusterListeners='[]', serverSelectionTimeout='30000 ms', localThreshold='30000 ms'}, socketSettings=SocketSettings{connectTimeoutMS=10000, readTimeoutMS=0, receiveBufferSize=0, sendBufferSize=0}, heartbeatSocketSettings=SocketSettings{connectTimeoutMS=10000, readTimeoutMS=10000, receiveBufferSize=0, sendBufferSize=0}, connectionPoolSettings=ConnectionPoolSettings{maxSize=100, minSize=0, maxWaitTimeMS=120000, maxConnectionLifeTimeMS=0, maxConnectionIdleTimeMS=0, maintenanceInitialDelayMS=0, maintenanceFrequencyMS=60000, connectionPoolListeners=[], maxConnecting=2}, serverSettings=ServerSettings{heartbeatFrequencyMS=10000, minHeartbeatFrequencyMS=500, serverListeners='[]', serverMonitorListeners='[]'}, sslSettings=SslSettings{enabled=true, invalidHostNameAllowed=false, context=null}, applicationName='null', compressorList=[], uuidRepresentation=JAVA_LEGACY, serverApi=null, autoEncryptionSettings=null, contextProvider=null}
2023-03-23T11:59:10.065+05:30  INFO 10368 --- [cluster-ClusterId{value='641bf1b615d5fe7a07c95bbd', description='null'}-srv-sudheerreact.8229ijp.mongodb.net] org.mongodb.driver.cluster               : Adding discovered server ac-jon87lc-shard-00-00.8229ijp.mongodb.net:27017 to client view of cluster
2023-03-23T11:59:10.080+05:30  INFO 10368 --- [cluster-ClusterId{value='641bf1b615d5fe7a07c95bbd', description='null'}-srv-sudheerreact.8229ijp.mongodb.net] org.mongodb.driver.cluster               : Adding discovered server ac-jon87lc-shard-00-02.8229ijp.mongodb.net:27017 to client view of cluster
2023-03-23T11:59:10.081+05:30  INFO 10368 --- [cluster-ClusterId{value='641bf1b615d5fe7a07c95bbd', description='null'}-srv-sudheerreact.8229ijp.mongodb.net] org.mongodb.driver.cluster               : Adding discovered server ac-jon87lc-shard-00-01.8229ijp.mongodb.net:27017 to client view of cluster
2023-03-23T11:59:10.439+05:30  INFO 10368 --- [cluster-ClusterId{value='641bf1b615d5fe7a07c95bbd', description='null'}-ac-jon87lc-shard-00-00.8229ijp.mongodb.net:27017] org.mongodb.driver.cluster               : Monitor thread successfully connected to server with description ServerDescription{address=ac-jon87lc-shard-00-00.8229ijp.mongodb.net:27017, type=REPLICA_SET_SECONDARY, state=CONNECTED, ok=true, minWireVersion=0, maxWireVersion=13, maxDocumentSize=16777216, logicalSessionTimeoutMinutes=30, roundTripTimeNanos=203593500, setName='atlas-momjd3-shard-0', canonicalAddress=ac-jon87lc-shard-00-00.8229ijp.mongodb.net:27017, hosts=[ac-jon87lc-shard-00-00.8229ijp.mongodb.net:27017, ac-jon87lc-shard-00-01.8229ijp.mongodb.net:27017, ac-jon87lc-shard-00-02.8229ijp.mongodb.net:27017], passives=[], arbiters=[], primary='ac-jon87lc-shard-00-01.8229ijp.mongodb.net:27017', tagSet=TagSet{[Tag{name='nodeType', value='ELECTABLE'}, Tag{name='provider', value='AWS'}, Tag{name='region', value='AP_SOUTH_1'}, Tag{name='workloadType', value='OPERATIONAL'}]}, electionId=null, setVersion=4, topologyVersion=TopologyVersion{processId=64123392b0d15db37e5f182f, counter=4}, lastWriteDate=Thu Mar 23 11:59:10 IST 2023, lastUpdateTimeNanos=506540228639000}
2023-03-23T11:59:10.439+05:30  INFO 10368 --- [cluster-ClusterId{value='641bf1b615d5fe7a07c95bbd', description='null'}-ac-jon87lc-shard-00-01.8229ijp.mongodb.net:27017] org.mongodb.driver.cluster               : Monitor thread successfully connected to server with description ServerDescription{address=ac-jon87lc-shard-00-01.8229ijp.mongodb.net:27017, type=REPLICA_SET_PRIMARY, state=CONNECTED, ok=true, minWireVersion=0, maxWireVersion=13, maxDocumentSize=16777216, logicalSessionTimeoutMinutes=30, roundTripTimeNanos=205568200, setName='atlas-momjd3-shard-0', canonicalAddress=ac-jon87lc-shard-00-01.8229ijp.mongodb.net:27017, hosts=[ac-jon87lc-shard-00-00.8229ijp.mongodb.net:27017, ac-jon87lc-shard-00-01.8229ijp.mongodb.net:27017, ac-jon87lc-shard-00-02.8229ijp.mongodb.net:27017], passives=[], arbiters=[], primary='ac-jon87lc-shard-00-01.8229ijp.mongodb.net:27017', tagSet=TagSet{[Tag{name='nodeType', value='ELECTABLE'}, Tag{name='provider', value='AWS'}, Tag{name='region', value='AP_SOUTH_1'}, Tag{name='workloadType', value='OPERATIONAL'}]}, electionId=7fffffff00000000000000b4, setVersion=4, topologyVersion=TopologyVersion{processId=641234cbcff8d95ca7fded5b, counter=6}, lastWriteDate=Thu Mar 23 11:59:10 IST 2023, lastUpdateTimeNanos=506540228766000}
2023-03-23T11:59:10.439+05:30  INFO 10368 --- [cluster-ClusterId{value='641bf1b615d5fe7a07c95bbd', description='null'}-ac-jon87lc-shard-00-02.8229ijp.mongodb.net:27017] org.mongodb.driver.cluster               : Monitor thread successfully connected to server with description ServerDescription{address=ac-jon87lc-shard-00-02.8229ijp.mongodb.net:27017, type=REPLICA_SET_SECONDARY, state=CONNECTED, ok=true, minWireVersion=0, maxWireVersion=13, maxDocumentSize=16777216, logicalSessionTimeoutMinutes=30, roundTripTimeNanos=205436200, setName='atlas-momjd3-shard-0', canonicalAddress=ac-jon87lc-shard-00-02.8229ijp.mongodb.net:27017, hosts=[ac-jon87lc-shard-00-00.8229ijp.mongodb.net:27017, ac-jon87lc-shard-00-01.8229ijp.mongodb.net:27017, ac-jon87lc-shard-00-02.8229ijp.mongodb.net:27017], passives=[], arbiters=[], primary='ac-jon87lc-shard-00-01.8229ijp.mongodb.net:27017', tagSet=TagSet{[Tag{name='nodeType', value='ELECTABLE'}, Tag{name='provider', value='AWS'}, Tag{name='region', value='AP_SOUTH_1'}, Tag{name='workloadType', value='OPERATIONAL'}]}, electionId=null, setVersion=4, topologyVersion=TopologyVersion{processId=641235c22e18f74744bfdcf1, counter=3}, lastWriteDate=Thu Mar 23 11:59:10 IST 2023, lastUpdateTimeNanos=506540228638500}
2023-03-23T11:59:10.442+05:30  INFO 10368 --- [cluster-ClusterId{value='641bf1b615d5fe7a07c95bbd', description='null'}-ac-jon87lc-shard-00-01.8229ijp.mongodb.net:27017] org.mongodb.driver.cluster               : Discovered replica set primary ac-jon87lc-shard-00-01.8229ijp.mongodb.net:27017 with max election id 7fffffff00000000000000b4 and max set version 4
2023-03-23T11:59:10.545+05:30  INFO 10368 --- [main] o.s.b.w.embedded.tomcat.TomcatWebServer  : Tomcat started on port(s): 8062 (http) with context path ''
2023-03-23T11:59:10.551+05:30  INFO 10368 --- [main] com.car.CardetailsApplication            : Started CardetailsApplication in 1.664 seconds (process running for 2.116)
2023-03-23T12:00:28.757+05:30  INFO 10368 --- [http-nio-8062-exec-1] o.a.c.c.C.[Tomcat].[localhost].[/]       : Initializing Spring DispatcherServlet 'dispatcherServlet'
2023-03-23T12:00:28.757+05:30  INFO 10368 --- [http-nio-8062-exec-1] o.s.web.servlet.DispatcherServlet        : Initializing Servlet 'dispatcherServlet'
2023-03-23T12:00:28.758+05:30  INFO 10368 --- [http-nio-8062-exec-1] o.s.web.servlet.DispatcherServlet        : Completed initialization in 1 ms
2023-03-23T12:00:28.777+05:30  INFO 10368 --- [http-nio-8062-exec-1] com.car.controller.CarController         : Accepted viewCardetails
2023-03-23T12:00:28.778+05:30  INFO 10368 --- [http-nio-8062-exec-1] com.car.service.CarServiceImpl           : Accepted getCar 
2023-03-23T12:04:49.008+05:30  INFO 10368 --- [http-nio-8062-exec-4] com.car.controller.CarController         : Accepted updateDetails
2023-03-23T12:04:49.008+05:30  INFO 10368 --- [http-nio-8062-exec-4] com.car.service.CarServiceImpl           : Accepted updateDetails 
2023-03-23T12:04:56.402+05:30  INFO 10368 --- [http-nio-8062-exec-6] com.car.controller.CarController         : Accepted viewCardetails
2023-03-23T12:04:56.402+05:30  INFO 10368 --- [http-nio-8062-exec-6] com.car.service.CarServiceImpl           : Accepted getCar 
2023-03-23T12:05:36.157+05:30  INFO 10368 --- [RMI TCP Connection(17)-127.0.0.1] inMXBeanRegistrar$SpringApplicationAdmin : Application shutdown requested.
2023-03-23T12:05:36.164+05:30  INFO 10368 --- [RMI TCP Connection(17)-127.0.0.1] o.apache.catalina.core.StandardService   : Stopping service [Tomcat]
2023-03-23T12:05:36.165+05:30  INFO 10368 --- [RMI TCP Connection(17)-127.0.0.1] o.a.c.c.C.[Tomcat].[localhost].[/]       : Destroying Spring FrameworkServlet 'dispatcherServlet'
